<?xml version="1.0" encoding="UTF-8"?>
<testsuite name="exercise.AppTest" tests="2" skipped="0" failures="0" errors="0" timestamp="2023-09-11T13:05:26" hostname="DESKTOP-8D6A95O" time="0.119">
  <properties/>
  <testcase name="testSwapKV()" classname="exercise.AppTest" time="0.101"/>
  <testcase name="testSwapKV2()" classname="exercise.AppTest" time="0.009"/>
  <system-out><![CDATA[]]></system-out>
  <system-err><![CDATA[]]></system-err>
</testsuite>
