<?xml version="1.0" encoding="UTF-8"?>
<testsuite name="exercise.InMemoryKVTest" tests="2" skipped="0" failures="0" errors="0" timestamp="2023-09-11T13:05:27" hostname="DESKTOP-8D6A95O" time="0.007">
  <properties/>
  <testcase name="mustBeImmutableTest()" classname="exercise.InMemoryKVTest" time="0.004"/>
  <testcase name="inMemoryKVTest()" classname="exercise.InMemoryKVTest" time="0.002"/>
  <system-out><![CDATA[]]></system-out>
  <system-err><![CDATA[]]></system-err>
</testsuite>
